<?xml version="1.0" encoding="UTF-8"?>
<testng-results ignored="1" total="7" passed="6" failed="0" skipped="0">
  <reporter-output>
  </reporter-output>
  <suite started-at="2025-06-26T09:56:54 IST" name="Suite" finished-at="2025-06-26T09:56:54 IST" duration-ms="51">
    <groups>
      <group name="Regression">
        <method signature="GroupsDemo.sayThanks()[pri:0, instance:com.tests.GroupsDemo@123ef382]" name="sayThanks" class="com.tests.GroupsDemo"/>
        <method signature="GroupsDemo.sayWelcome()[pri:0, instance:com.tests.GroupsDemo@123ef382]" name="sayWelcome" class="com.tests.GroupsDemo"/>
      </group> <!-- Regression -->
      <group name="smoke">
        <method signature="GroupsDemo.sayHello()[pri:0, instance:com.tests.GroupsDemo@123ef382]" name="sayHello" class="com.tests.GroupsDemo"/>
        <method signature="GroupsDemo.sayHi()[pri:0, instance:com.tests.GroupsDemo@123ef382]" name="sayHi" class="com.tests.GroupsDemo"/>
        <method signature="GroupsDemo.sayWelcome()[pri:0, instance:com.tests.GroupsDemo@123ef382]" name="sayWelcome" class="com.tests.GroupsDemo"/>
        <method signature="AnnotationsDemo.login()[pri:1, instance:com.tests.AnnotationsDemo@40ef3420]" name="login" class="com.tests.AnnotationsDemo"/>
      </group> <!-- smoke -->
    </groups>
    <test started-at="2025-06-26T09:56:54 IST" name="Test" finished-at="2025-06-26T09:56:54 IST" duration-ms="51">
      <class name="com.tests.AnnotationsDemo">
        <test-method signature="openApplication()[pri:0, instance:com.tests.AnnotationsDemo@40ef3420]" started-at="2025-06-26T09:56:54 IST" name="openApplication" finished-at="2025-06-26T09:56:54 IST" duration-ms="6" status="PASS">
          <exception class="java.lang.ArithmeticException">
            <message>
              <![CDATA[/ by zero]]>
            </message>
            <full-stacktrace>
              <![CDATA[java.lang.ArithmeticException: / by zero
at com.tests.AnnotationsDemo.openApplication(AnnotationsDemo.java:18)
at java.base/jdk.internal.reflect.DirectMethodHandleAccessor.invoke(DirectMethodHandleAccessor.java:104)
at java.base/java.lang.reflect.Method.invoke(Method.java:577)
at org.testng.internal.invokers.MethodInvocationHelper.invokeMethod(MethodInvocationHelper.java:141)
at org.testng.internal.invokers.TestInvoker.invokeMethod(TestInvoker.java:687)
at org.testng.internal.invokers.TestInvoker.invokeTestMethod(TestInvoker.java:230)
at org.testng.internal.invokers.MethodRunner.runInSequence(MethodRunner.java:63)
at org.testng.internal.invokers.TestInvoker$MethodInvocationAgent.invoke(TestInvoker.java:995)
at org.testng.internal.invokers.TestInvoker.invokeTestMethods(TestInvoker.java:203)
at org.testng.internal.invokers.TestMethodWorker.invokeTestMethods(TestMethodWorker.java:154)
at org.testng.internal.invokers.TestMethodWorker.run(TestMethodWorker.java:134)
at java.base/java.util.ArrayList.forEach(ArrayList.java:1511)
at org.testng.TestRunner.privateRun(TestRunner.java:741)
at org.testng.TestRunner.run(TestRunner.java:616)
at org.testng.SuiteRunner.runTest(SuiteRunner.java:421)
at org.testng.SuiteRunner.runSequentially(SuiteRunner.java:413)
at org.testng.SuiteRunner.privateRun(SuiteRunner.java:373)
at org.testng.SuiteRunner.run(SuiteRunner.java:312)
at org.testng.SuiteRunnerWorker.runSuite(SuiteRunnerWorker.java:52)
at org.testng.SuiteRunnerWorker.run(SuiteRunnerWorker.java:95)
at org.testng.TestNG.runSuitesSequentially(TestNG.java:1274)
at org.testng.TestNG.runSuitesLocally(TestNG.java:1208)
at org.testng.TestNG.runSuites(TestNG.java:1112)
at org.testng.TestNG.run(TestNG.java:1079)
at org.apache.maven.surefire.testng.TestNGExecutor.run(TestNGExecutor.java:308)
at org.apache.maven.surefire.testng.TestNGXmlTestSuite.execute(TestNGXmlTestSuite.java:71)
at org.apache.maven.surefire.testng.TestNGProvider.invoke(TestNGProvider.java:113)
at org.apache.maven.surefire.booter.ForkedBooter.runSuitesInProcess(ForkedBooter.java:385)
at org.apache.maven.surefire.booter.ForkedBooter.execute(ForkedBooter.java:162)
at org.apache.maven.surefire.booter.ForkedBooter.run(ForkedBooter.java:507)
at org.apache.maven.surefire.booter.ForkedBooter.main(ForkedBooter.java:495)
]]>
            </full-stacktrace>
          </exception> <!-- java.lang.ArithmeticException -->
          <reporter-output>
          </reporter-output>
        </test-method> <!-- openApplication -->
        <test-method signature="login()[pri:1, instance:com.tests.AnnotationsDemo@40ef3420]" started-at="2025-06-26T09:56:54 IST" name="login" finished-at="2025-06-26T09:56:54 IST" depends-on-methods="com.tests.AnnotationsDemo.openApplication" duration-ms="0" status="PASS">
          <reporter-output>
          </reporter-output>
        </test-method> <!-- login -->
      </class> <!-- com.tests.AnnotationsDemo -->
      <class name="com.tests.GroupsDemo">
        <test-method signature="sayHello()[pri:0, instance:com.tests.GroupsDemo@123ef382]" started-at="2025-06-26T09:56:54 IST" name="sayHello" finished-at="2025-06-26T09:56:54 IST" duration-ms="2" status="PASS">
          <reporter-output>
          </reporter-output>
        </test-method> <!-- sayHello -->
        <test-method signature="sayHi()[pri:0, instance:com.tests.GroupsDemo@123ef382]" started-at="2025-06-26T09:56:54 IST" name="sayHi" finished-at="2025-06-26T09:56:54 IST" duration-ms="2" status="PASS">
          <reporter-output>
          </reporter-output>
        </test-method> <!-- sayHi -->
        <test-method signature="sayThanks()[pri:0, instance:com.tests.GroupsDemo@123ef382]" started-at="2025-06-26T09:56:54 IST" name="sayThanks" finished-at="2025-06-26T09:56:54 IST" duration-ms="0" status="PASS">
          <reporter-output>
          </reporter-output>
        </test-method> <!-- sayThanks -->
        <test-method signature="sayWelcome()[pri:0, instance:com.tests.GroupsDemo@123ef382]" started-at="2025-06-26T09:56:54 IST" name="sayWelcome" finished-at="2025-06-26T09:56:54 IST" duration-ms="1" status="PASS">
          <reporter-output>
          </reporter-output>
        </test-method> <!-- sayWelcome -->
      </class> <!-- com.tests.GroupsDemo -->
    </test> <!-- Test -->
  </suite> <!-- Suite -->
</testng-results>
